E:\QUESTA_SIM\CPP\VS_PRJ\INITIAL_PRJ\DEBUG\INITIAL_PRJ.EXE
E:\QUESTA_SIM\CPP\VS_PRJ\INITIAL_PRJ\DEBUG\INITIAL_PRJ.ILK
E:\QUESTA_SIM\CPP\VS_PRJ\INITIAL_PRJ\DEBUG\INITIAL_PRJ.PDB
E:\questa_sim\cpp\vs_prj\initial_prj\initial_prj\Debug\cl.command.1.tlog
E:\questa_sim\cpp\vs_prj\initial_prj\initial_prj\Debug\CL.read.1.tlog
E:\questa_sim\cpp\vs_prj\initial_prj\initial_prj\Debug\CL.write.1.tlog
E:\QUESTA_SIM\CPP\VS_PRJ\INITIAL_PRJ\INITIAL_PRJ\DEBUG\INITIAL_PRJ.EXE.EMBED.MANIFEST
E:\QUESTA_SIM\CPP\VS_PRJ\INITIAL_PRJ\INITIAL_PRJ\DEBUG\INITIAL_PRJ.EXE.EMBED.MANIFEST.RES
E:\QUESTA_SIM\CPP\VS_PRJ\INITIAL_PRJ\INITIAL_PRJ\DEBUG\INITIAL_PRJ.EXE.INTERMEDIATE.MANIFEST
E:\QUESTA_SIM\CPP\VS_PRJ\INITIAL_PRJ\INITIAL_PRJ\DEBUG\INITIAL_PRJ.PCH
E:\questa_sim\cpp\vs_prj\initial_prj\initial_prj\Debug\initial_prj.write.1.tlog
E:\questa_sim\cpp\vs_prj\initial_prj\initial_prj\Debug\initial_prj_manifest.rc
E:\questa_sim\cpp\vs_prj\initial_prj\initial_prj\Debug\link.8840.read.1.tlog
E:\questa_sim\cpp\vs_prj\initial_prj\initial_prj\Debug\link.8840.write.1.tlog
E:\questa_sim\cpp\vs_prj\initial_prj\initial_prj\Debug\link.8840-cvtres.read.1.tlog
E:\questa_sim\cpp\vs_prj\initial_prj\initial_prj\Debug\link.8840-cvtres.write.1.tlog
E:\questa_sim\cpp\vs_prj\initial_prj\initial_prj\Debug\link.command.1.tlog
E:\questa_sim\cpp\vs_prj\initial_prj\initial_prj\Debug\link.read.1.tlog
E:\questa_sim\cpp\vs_prj\initial_prj\initial_prj\Debug\link.write.1.tlog
E:\questa_sim\cpp\vs_prj\initial_prj\initial_prj\Debug\link-cvtres.read.1.tlog
E:\questa_sim\cpp\vs_prj\initial_prj\initial_prj\Debug\link-cvtres.write.1.tlog
E:\QUESTA_SIM\CPP\VS_PRJ\INITIAL_PRJ\INITIAL_PRJ\DEBUG\MAIN.I
E:\QUESTA_SIM\CPP\VS_PRJ\INITIAL_PRJ\INITIAL_PRJ\DEBUG\MAIN.OBJ
E:\questa_sim\cpp\vs_prj\initial_prj\initial_prj\Debug\mt.command.1.tlog
E:\questa_sim\cpp\vs_prj\initial_prj\initial_prj\Debug\mt.read.1.tlog
E:\questa_sim\cpp\vs_prj\initial_prj\initial_prj\Debug\mt.write.1.tlog
E:\questa_sim\cpp\vs_prj\initial_prj\initial_prj\Debug\rc.command.1.tlog
E:\questa_sim\cpp\vs_prj\initial_prj\initial_prj\Debug\rc.read.1.tlog
E:\questa_sim\cpp\vs_prj\initial_prj\initial_prj\Debug\rc.write.1.tlog
E:\QUESTA_SIM\CPP\VS_PRJ\INITIAL_PRJ\INITIAL_PRJ\DEBUG\STDAFX.I
E:\QUESTA_SIM\CPP\VS_PRJ\INITIAL_PRJ\INITIAL_PRJ\DEBUG\STDAFX.OBJ
E:\questa_sim\cpp\vs_prj\initial_prj\initial_prj\Debug\vc100.idb
E:\QUESTA_SIM\CPP\VS_PRJ\INITIAL_PRJ\INITIAL_PRJ\DEBUG\VC100.PDB
