Build started 26-Apr-18 9:57:48 PM.
     1>Project "E:\questa_sim\cpp\vs_prj\initial_prj\initial_prj\initial_prj.vcxproj" on node 2 (build target(s)).
     1>InitializeBuildStatus:
         Creating "Debug\initial_prj.unsuccessfulbuild" because "AlwaysCreate" was specified.
       ClCompile:
         All outputs are up-to-date.
         C:\Program Files (x86)\Microsoft Visual Studio 10.0\VC\bin\CL.exe /c /ZI /nologo /W3 /WX- /Od /Oy- /D WIN32 /D _DEBUG /D _CONSOLE /D _UNICODE /D UNICODE /Gm /EHsc /RTC1 /MDd /GS /fp:precise /Zc:wchar_t /Zc:forScope /Yu"StdAfx.h" /Fp"Debug\initial_prj.pch" /Fo"Debug\\" /Fd"Debug\vc100.pdb" /Gd /TP /analyze- /errorReport:prompt main.cpp
         main.cpp
       ManifestResourceCompile:
         All outputs are up-to-date.
       Link:
         C:\Program Files (x86)\Microsoft Visual Studio 10.0\VC\bin\link.exe /ERRORREPORT:PROMPT /OUT:"E:\questa_sim\cpp\vs_prj\initial_prj\Debug\initial_prj.exe" /INCREMENTAL /NOLOGO kernel32.lib user32.lib gdi32.lib winspool.lib comdlg32.lib advapi32.lib shell32.lib ole32.lib oleaut32.lib uuid.lib odbc32.lib odbccp32.lib /MANIFEST /ManifestFile:"Debug\initial_prj.exe.intermediate.manifest" /MANIFESTUAC:"level='asInvoker' uiAccess='false'" /DEBUG /PDB:"E:\questa_sim\cpp\vs_prj\initial_prj\Debug\initial_prj.pdb" /SUBSYSTEM:CONSOLE /TLBID:1 /DYNAMICBASE /NXCOMPAT /IMPLIB:"E:\questa_sim\cpp\vs_prj\initial_prj\Debug\initial_prj.lib" /MACHINE:X86 Debug\initial_prj.exe.embed.manifest.res
         Debug\main.obj
         Debug\stdafx.obj
       Manifest:
         C:\Program Files (x86)\Microsoft SDKs\Windows\v7.0A\bin\mt.exe /nologo /verbose /out:"Debug\initial_prj.exe.embed.manifest" /manifest Debug\initial_prj.exe.intermediate.manifest
         All outputs are up-to-date.
       LinkEmbedManifest:
         All outputs are up-to-date.
         initial_prj.vcxproj -> E:\questa_sim\cpp\vs_prj\initial_prj\Debug\initial_prj.exe
       FinalizeBuildStatus:
         Deleting file "Debug\initial_prj.unsuccessfulbuild".
         Touching "Debug\initial_prj.lastbuildstate".
     1>Done Building Project "E:\questa_sim\cpp\vs_prj\initial_prj\initial_prj\initial_prj.vcxproj" (build target(s)).

Build succeeded.

Time Elapsed 00:00:02.08
